=== 2026-07-10 22:11:37  C:\Users\DIRKKL~1\AppData\Local\Temp\snapmaker_orca_model\Fri_Jul_10\21_25_06#41796#52\Metadata\.41796.0.gcode.pp ===
============================================================
multiACE plan
============================================================
Colors: 8   Toolchanges: 862   Mid-print swaps: 9 (~34.2 min)

Slicer Loadout:
  ACE 0 Slot 0  T0   Brown (#804040 RGB(128,64,64))  (30x)
  ACE 0 Slot 1  T1   White (#ffffff RGB(255,255,255))  (271x)
  ACE 1 Slot 0  T4   Blue (#0080ff RGB(0,128,255))  (218x)
  ACE 1 Slot 1  T5   Gray (#808040 RGB(128,128,64))  (19x)
  ACE 1 Slot 2  T6   DarkBlue (#000080 RGB(0,0,128))  (49x)
  ACE 1 Slot 3  T7   Red (#ff0000 RGB(255,0,0))  (80x)
  ACE 2 Slot 2  T10  Gold (#ff8040 RGB(255,128,64))  (132x)
  ACE 2 Slot 3  T11  Green (#00ff00 RGB(0,255,0))  (63x)

--- OPTIMIZER: current assignment is already optimal ---

Layer-only swap analysis:
  Layers: 749   Max colors/layer: 4
  Feasible: YES  Minimum layer-only swaps: 6 (~22.8 min)
  ACEs needed: 2 (you have 3 - fits)
  Pre-load these colors before print:
    ACE 0 Slot 0  T0   Brown (#804040 RGB(128,64,64))
    ACE 1 Slot 1  T5   Gray (#808040 RGB(128,128,64))
    ACE 2 Slot 2  T10  Gold (#ff8040 RGB(255,128,64))
    ACE 1 Slot 3  T7   Red (#ff0000 RGB(255,0,0))
  Additional swap cartridges:
    ACE 0 Slot 1  T1   White (#ffffff RGB(255,255,255))
    ACE 1 Slot 0  T4   Blue (#0080ff RGB(0,128,255))
    ACE 2 Slot 3  T11  Green (#00ff00 RGB(0,255,0))
    ACE 1 Slot 2  T6   DarkBlue (#000080 RGB(0,0,128))
============================================================
Rewrite: 9 active ACE_SWAP_HEAD, 554 skipped, 2 swap-backs inserted
Auto-load: injected ACE_SWAP_HEAD for 4 head(s) before first T command
